<?xml version="1.0" encoding="UTF-8"?>
<testng-results ignored="0" total="1" passed="1" failed="0" skipped="0">
  <reporter-output>
  </reporter-output>
  <suite started-at="2023-05-25T13:21:16Z" name="Default suite" finished-at="2023-05-25T13:22:40Z" duration-ms="83918">
    <groups>
    </groups>
    <test started-at="2023-05-25T13:21:16Z" name="Default test" finished-at="2023-05-25T13:22:40Z" duration-ms="83918">
      <class name="practise.Demox">
        <test-method signature="demo()[pri:0, instance:practise.Demox@10f7f7de]" started-at="2023-05-25T13:21:16Z" name="demo" finished-at="2023-05-25T13:22:40Z" duration-ms="83824" status="PASS">
          <reporter-output>
          </reporter-output>
        </test-method> <!-- demo -->
      </class> <!-- practise.Demox -->
    </test> <!-- Default test -->
  </suite> <!-- Default suite -->
</testng-results>
